This structure has broken O3'[i] to P[i+1] linkages
****************************************************************************
    3DNA v2.0 [August 2007] (by Dr. Xiang-Jun Lu; 3dna.lu@gmail.com)
****************************************************************************
1. The list of the parameters given below correspond to the 5' to 3' direction
   of strand I and 3' to 5' direction of strand II.

2. All angular parameters, except for the phase angle of sugar pseudo-
   rotation, are measured in degrees in the range of [-180, +180], and all
   displacements are measured in Angstrom units.
****************************************************************************
File name: h2.pdb
Date and time: Wed Aug 29 04:57:26 2007

Number of base-pairs: 14
Number of atoms: 570
****************************************************************************
****************************************************************************
RMSD of the bases (----- for WC bp, + for isolated bp, x for helix change)

            Strand I                    Strand II          Helix
   1   (0.012) ....>B:..43_:[..C]C-*---A[..A]:..41_:B<.... (0.016)     |
   2   (0.026) ....>B:..44_:[..G]Gx----C[..C]:..40_:B<.... (0.009)     |
   3   (0.022) ....>C:.101_:[..A]Ax**+-A[..A]:..39_:B<.... (0.030)     |
   4   (0.012) ....>B:..45_:[..A]Ax----T[..T]:..38_:B<.... (0.015)     |
   5   (0.016) ....>D:.132_:[..G]G-----C[..C]:..37_:B<.... (0.016)     |
   6   (0.011) ....>D:.133_:[..C]C-----G[..G]:..36_:B<.... (0.020)     |
   7   (0.015) ....>D:.134_:[..T]T-----A[..A]:..35_:B<.... (0.008)     |
   8   (0.008) ....>D:.135_:[..A]A-----T[..T]:..34_:B<.... (0.016)     |
   9   (0.015) ....>D:.136_:[..G]G-----C[..C]:..33_:B<.... (0.008)     |
  10   (0.014) ....>D:.137_:[..C]C----xG[..G]:..32_:B<.... (0.019)     |
  11   (0.023) ....>D:.138_:[..T]T----xA[..A]:.145_:D<.... (0.021)     |
  12   (0.015) ....>D:.139_:[..A]A-**+xA[..A]:...1_:A<.... (0.013)     |
  13   (0.014) ....>D:.140_:[..C]C-----G[..G]:.144_:D<.... (0.025)     |
  14   (0.017) ....>D:.141_:[..A]A-*---C[..C]:.143_:D<.... (0.017)     |

Note: This structure contains 4[2] non-Watson-Crick base-pairs.
****************************************************************************
Detailed H-bond information: atom-name pair and length [ON]
   1 C-*---A  [1]  N4 - N3  2.82
   2 G-----C  [3]  O6 - N4  3.36  N1 - N3  3.11  N2 - O2  3.10
   3 A-**+-A  [2]  N7 - N6  2.81  N6 - N7  2.76
   4 A-----T  [3]  N6 - O4  3.26  N1 - N3  2.95  N1 * O4  3.17
   5 G-----C  [3]  O6 - N4  2.86  N1 - N3  2.94  N2 - O2  2.98
   6 C-----G  [3]  O2 - N2  2.92  N3 - N1  2.95  N4 - O6  2.87
   7 T-----A  [3]  N3 - N1  2.88  O4 - N6  3.03  O4 * N1  3.01
   8 A-----T  [3]  N6 - O4  3.12  N1 - N3  2.93  N1 * O4  3.09
   9 G-----C  [3]  O6 - N4  2.79  N1 - N3  2.83  N2 - O2  2.82
  10 C-----G  [3]  O2 - N2  3.34  N3 - N1  3.09  N4 - O6  2.80
  11 T-----A  [2]  N3 - N1  2.81  O4 - N6  2.99
  12 A-**+-A  [1]  N6 * N6  2.72
  13 C-----G  [3]  O2 - N2  2.82  N3 - N1  3.08  N4 - O6  3.39
  14 A-*---C  [1]  N3 - N4  3.08
****************************************************************************
Overlap area in Angstrom^2 between polygons defined by atoms on successive
bases. Polygons projected in the mean plane of the designed base-pair step.

Values in parentheses measure the overlap of base ring atoms only. Those
outside parentheses include exocyclic atoms on the ring. Intra- and
inter-strand overlap is designated according to the following diagram:

                    i2  3'      5' j2
                       /|\      |
                        |       |
               Strand I |       | II
                        |       |
                        |       |
                        |      \|/
                    i1  5'      3' j1

     step      i1-i2        i1-j2        j1-i2        j1-j2        sum
   1 CG/CA  5.08( 3.49)  0.00( 0.00)  0.00( 0.00)  4.20( 1.51)  9.28( 5.00)
   2 GA/AC  0.00( 0.00)  0.00( 0.00)  0.00( 0.00)  5.18( 2.04)  5.18( 2.04)
   3 AA/TA  0.21( 0.00)  2.49( 0.00)  0.00( 0.00)  0.00( 0.00)  2.69( 0.00)
   4 AG/CT  3.88( 3.27)  0.00( 0.00)  0.00( 0.00)  3.41( 0.00)  7.29( 3.27)
   5 GC/GC  5.09( 2.02)  0.00( 0.00)  0.00( 0.00)  3.61( 0.93)  8.70( 2.95)
   6 CT/AG  5.06( 0.42)  0.00( 0.00)  0.00( 0.00)  5.89( 4.26) 10.95( 4.68)
   7 TA/TA  3.10( 0.00)  0.00( 0.00)  0.00( 0.00)  2.62( 0.00)  5.72( 0.00)
   8 AG/CT  4.31( 3.15)  0.00( 0.00)  0.00( 0.00)  3.52( 0.00)  7.83( 3.15)
   9 GC/GC  4.63( 1.64)  0.00( 0.00)  0.00( 0.00)  4.91( 1.83)  9.54( 3.47)
  10 CT/AG  2.16( 0.00)  0.00( 0.00)  0.00( 0.00)  7.14( 5.05)  9.30( 5.05)
  11 TA/AA  2.10( 0.00)  0.00( 0.00)  0.00( 0.00)  5.22( 3.99)  7.33( 3.99)
  12 AC/GA  6.80( 3.16)  0.00( 0.00)  0.00( 0.00)  6.09( 3.61) 12.88( 6.77)
  13 CA/CG  3.93( 1.27)  0.00( 0.00)  0.00( 0.00)  4.41( 2.87)  8.34( 4.14)
****************************************************************************
Origin (Ox, Oy, Oz) and mean normal vector (Nx, Ny, Nz) of each base-pair in
   the coordinate system of the given structure

      bp        Ox        Oy        Oz        Nx        Ny        Nz
    1 C-A      10.11     28.58     -1.55      0.06     -0.53     -0.84
    2 G-C       8.56     28.03     -3.99      0.08     -0.60     -0.80
    3 A+A       8.81     25.71     -6.54      0.04      0.58      0.81
    4 A-T       6.03     24.56     -9.39     -0.13     -0.56     -0.82
    5 G-C       5.31     22.15    -11.57     -0.21     -0.46     -0.86
    6 C-G       3.62     20.07    -13.91     -0.34     -0.48     -0.81
    7 T-A       2.11     18.04    -16.06     -0.37     -0.56     -0.74
    8 A-T       1.61     15.87    -18.62     -0.43     -0.64     -0.64
    9 G-C       0.35     14.37    -20.87     -0.39     -0.73     -0.56
   10 C-G      -1.61     12.42    -23.42     -0.36     -0.79     -0.50
   11 T-A      -3.63     10.61    -25.88     -0.43     -0.77     -0.47
   12 A+A      -6.99      7.93    -26.29      0.16      0.84      0.52
   13 C-G      -7.78      5.27    -27.97     -0.13     -0.81     -0.57
   14 A-C     -10.21      3.00    -28.53     -0.17     -0.89     -0.42
****************************************************************************
Local base-pair parameters
     bp        Shear    Stretch   Stagger    Buckle  Propeller  Opening
    1 C-A      -6.70     -3.94      1.23    -49.95      5.92     20.75
    2 G-C      -0.68     -0.02     -0.11    -10.96     26.64      3.42
    3 A+A      -4.94      5.21     -0.51     15.81    -11.31   -176.88
    4 A-T       0.87     -0.01      0.16      2.83     -5.10      6.03
    5 G-C      -0.25     -0.27      0.81      0.96    -11.52     -6.01
    6 C-G      -0.81     -0.10      0.25     -9.12     -0.51     -2.79
    7 T-A      -0.97     -0.13      0.23      2.02     -5.36      1.45
    8 A-T       0.93     -0.06      0.31      7.35    -10.44      2.19
    9 G-C      -0.31     -0.32      0.86     18.07     -6.55     -4.24
   10 C-G      -0.57     -0.21      1.09      1.38    -13.58    -15.02
   11 T-A      -0.53     -0.39      1.17     -3.94     -8.17     -0.82
   12 A+A       3.40     -5.32      0.21     -7.60     -7.82    171.69
   13 C-G       1.18     -0.22     -0.45     11.56     13.73      5.31
   14 A-C       6.87     -4.44      1.41     40.07      2.56     27.26
          ~~~~~~~~~~~~~~~~~~~~~~~~~~~~~~~~~~~~~~~~~~~~~~~~~~~~~~~~~~~~
      ave.     -0.18     -0.73      0.47      1.32     -2.25      2.31
      s.d.      3.21      2.54      0.62     19.87     11.26     69.19
****************************************************************************
Local base-pair step parameters
    step       Shift     Slide      Rise      Tilt      Roll     Twist
   1 CG/CA     -0.90      1.72      2.21      1.43      4.47     47.00
   2 GA/AC      0.35     -0.20      3.44     -7.18     -0.80    -44.12
   3 AA/TA     -2.29      2.27      2.60   -127.28   -119.78   -160.16
   4 AG/CT      0.24     -0.92      3.19     -6.34      4.50     23.35
   5 GC/GC      0.35     -0.97      3.40      5.81      5.21     41.11
   6 CT/AG     -0.23     -0.56      3.26      5.14     -4.31     24.06
   7 TA/TA      0.11      0.88      3.27      2.87     -7.25     48.75
   8 AG/CT      0.51     -0.49      2.90     -5.73     -3.93     26.83
   9 GC/GC     -0.31     -1.13      3.57     -5.37      0.55     43.24
  10 CT/AG     -1.00     -0.90      3.41     -1.89     -4.09     27.13
  11 TA/AA      1.42     -3.21      2.51   -162.26    -21.53    104.73
  12 AC/GA      0.64      3.18     -0.21   -170.00     48.58     63.19
  13 CA/CG      0.88      1.97      2.59     -1.21     10.05     42.92
          ~~~~~~~~~~~~~~~~~~~~~~~~~~~~~~~~~~~~~~~~~~~~~~~~~~~~~~~~~~~~
      ave.     -0.02      0.13      2.78    -36.31     -6.79     22.16
      s.d.      0.96      1.77      1.00     67.40     37.46     63.73
****************************************************************************
Local base-pair helical parameters
    step       X-disp    Y-disp   h-Rise     Incl.       Tip   h-Twist
   1 CG/CA      1.90      1.20      2.33      5.58     -1.79     47.22
   2 GA/AC      0.34     -0.23      3.45      1.06     -9.48    -44.68
   3 AA/TA     -0.98     -1.31      2.54     59.91    -63.67   -179.10
   4 AG/CT     -3.47     -2.39      2.81     10.74     15.15     24.59
   5 GC/GC     -1.92      0.13      3.28      7.34     -8.18     41.81
   6 CT/AG      0.00      2.06      3.19    -10.09    -12.02     24.96
   7 TA/TA      1.59      0.08      3.12     -8.71     -3.45     49.33
   8 AG/CT     -0.19     -2.29      2.78     -8.29     12.09     27.70
   9 GC/GC     -1.58     -0.15      3.57      0.75      7.26     43.56
  10 CT/AG     -0.82      1.60      3.56     -8.63      4.00     27.49
  11 TA/AA     -1.53     -1.37      1.39    -10.98     82.80    170.06
  12 AC/GA      1.60     -0.29      0.11     24.50     85.73    177.28
  13 CA/CG      1.81     -1.27      2.93     13.51      1.63     44.04
          ~~~~~~~~~~~~~~~~~~~~~~~~~~~~~~~~~~~~~~~~~~~~~~~~~~~~~~~~~~~~
      ave.     -0.25     -0.32      2.70      5.90      8.47     34.94
      s.d.      1.67      1.39      0.98     19.50     38.83     87.34
****************************************************************************
Structure classification: 

This structure seems to contain a B-Z junction
Note that 3DNA determines this junction based *purely* on the geometry of
your input structure. The junction is between a right-handed fragment with
a left-handed one, not necessarily just B-DNA and Z-DNA, even though most
likely that would be the case.
****************************************************************************
lambda: virtual angle between C1'-YN1 or C1'-RN9 glycosidic bonds and the
        base-pair C1'-C1' line

C1'-C1': distance between C1' atoms for each base-pair
RN9-YN1: distance between RN9-YN1 atoms for each base-pair
RC8-YC6: distance between RC8-YC6 atoms for each base-pair

    bp     lambda(I) lambda(II)  C1'-C1'   RN9-YN1   RC8-YC6
   1 C-A      23.6     121.5       8.4       7.9       8.6
   2 G-C      50.7      59.0      10.7       9.0      10.0
   3 A+A      18.7       9.8      11.5       8.7       7.0
   4 A-T      65.3      52.7      10.4       8.9      10.0
   5 G-C      50.2      52.1      10.8       9.0       9.8
   6 C-G      48.3      60.4      10.7       9.0       9.9
   7 T-A      50.5      61.8      10.5       8.9       9.9
   8 A-T      59.8      51.4      10.6       8.9       9.9
   9 G-C      52.0      54.7      10.5       8.8       9.6
  10 C-G      42.2      49.1      11.3       9.2       9.8
  11 T-A      55.0      59.5      10.2       8.7       9.6
  12 A+A       6.8       7.9      12.6       9.7       8.3
  13 C-G      63.1      50.6      10.3       8.8       9.8
  14 A-C     128.4      23.7       8.2       7.8       8.5
****************************************************************************
Classification of each dinucleotide step in a right-handed nucleic acid
structure: A-like; B-like; TA-like; intermediate of A and B, or other cases

    step       Xp      Yp      Zp     XpH     YpH     ZpH    Form
   1 CG/CA   -4.18    7.73    0.32   -2.36    7.68    0.94
   2 GA/AC    ---     ---     ---     ---     ---     ---     --- 
   3 AA/TA    1.87    3.53    6.66    1.93    2.69    7.45
   4 AG/CT   -1.42    8.46    3.07   -4.44    7.78    4.23     A
   5 GC/GC   -2.16    8.43    2.25   -3.93    8.10    3.22     A
   6 CT/AG   -2.92    9.12    0.68   -2.92    9.10   -0.86
   7 TA/TA   -2.57    8.91   -0.20   -1.13    8.80   -1.42     B
   8 AG/CT   -2.76    9.19    0.48   -2.79    9.17   -0.80     B
   9 GC/GC   -2.32    8.71    1.87   -3.71    8.69    1.95     A
  10 CT/AG   -1.41    8.27    3.11   -2.34    8.64    1.94     A
  11 TA/AA   -0.77    1.77    6.09   -0.01    2.09    1.21
  12 AC/GA    ---     ---     ---     ---     ---     ---     --- 
  13 CA/CG   -4.70    7.41   -0.16   -2.96    7.28    1.38
****************************************************************************
Minor and major groove widths: direct P-P distances and refined P-P distances
   which take into account the directions of the sugar-phosphate backbones

   (Subtract 5.8 Angstrom from the values to take account of the vdw radii
    of the phosphate groups, and for comparison with FreeHelix and Curves.)

Ref: M. A. El Hassan and C. R. Calladine (1998). ``Two Distinct Modes of
     Protein-induced Bending in DNA.'' J. Mol. Biol., v282, pp331-343.

                  Minor Groove        Major Groove
                 P-P     Refined     P-P     Refined
   1 CG/CA       ---       ---       ---       ---
   2 GA/AC       ---       ---       ---       ---
   3 AA/TA      19.8       ---      19.6       ---
   4 AG/CT      17.2      16.9       ---       ---
   5 GC/GC      14.9      14.7      18.4       ---
   6 CT/AG      13.2      13.2      14.4      14.4
   7 TA/TA      12.1      12.0      16.9      16.4
   8 AG/CT      10.9      10.9      13.7      13.7
   9 GC/GC      11.4      11.3      19.3       ---
  10 CT/AG      15.1      15.1       ---       ---
  11 TA/AA      20.2       ---      19.7       ---
  12 AC/GA       ---       ---       ---       ---
  13 CA/CG       ---       ---       ---       ---
****************************************************************************
Global linear helical axis defined by equivalent C1' and RN9/YN1 atom pairs
Deviation from regular linear helix: 3.48(0.82)
****************************************************************************
Main chain and chi torsion angles: 

Note: alpha:   O3'(i-1)-P-O5'-C5'
      beta:    P-O5'-C5'-C4'
      gamma:   O5'-C5'-C4'-C3'
      delta:   C5'-C4'-C3'-O3'
      epsilon: C4'-C3'-O3'-P(i+1)
      zeta:    C3'-O3'-P(i+1)-O5'(i+1)

      chi for pyrimidines(Y): O4'-C1'-N1-C2
          chi for purines(R): O4'-C1'-N9-C4

Strand I
  base    alpha    beta   gamma   delta  epsilon   zeta    chi
   1 C     ---    176.8    71.4   120.3   171.9   -86.8   -92.0
   2 G    -46.9   167.0    52.4   136.1    ---     ---    -95.0
   3 A     ---     ---     79.5   100.4    ---     ---     64.3
   4 A     ---   -171.7    47.6   107.9    ---     ---    -94.1
   5 G     ---    172.1    49.2    87.9  -143.4   -68.9  -178.0
   6 C    -66.3  -170.1    48.2   115.0   177.6   -79.3  -140.6
   7 T    -40.6  -179.5    46.6   125.8  -179.9   -96.9  -115.1
   8 A    -54.4  -177.6    48.9   121.0   172.9   -82.4  -100.1
   9 G    -49.7   167.1    44.7   113.2   169.7  -103.0  -116.7
  10 C    -52.9   177.2    55.0   133.3   175.4   -88.7  -133.8
  11 T    -75.5  -154.6    42.7    95.8  -155.0   -87.9  -127.8
  12 A    -61.9  -162.0    36.3   142.0   159.0   -78.0    92.5
  13 C    -59.9  -176.7    53.7   132.2  -175.7   -85.0   -97.4
  14 A    -50.3   165.8    61.8   134.4    ---     ---    -98.1

Strand II
  base    alpha    beta   gamma   delta  epsilon   zeta    chi
   1 A     14.2   101.7    50.4    96.4    ---     ---   -117.2
   2 C    -63.5   167.0    62.5   136.4  -166.3  -133.8  -105.4
   3 A    -78.8  -135.6    55.3   142.8  -178.9   -85.4   -92.8
   4 T    -61.0   170.0    49.4    82.5   174.1   -75.2  -145.7
   5 C    -53.0   132.0    51.3    81.7  -150.4   -79.1  -163.5
   6 G    -29.8   141.0    36.9   128.0  -151.8  -159.1  -106.9
   7 A    -60.6  -165.7    51.9   145.2  -167.3  -119.4  -101.3
   8 T    -62.7  -163.8    53.1   130.3   161.4   -88.8  -110.0
   9 C    -63.6   163.5    54.2   105.2   171.3   -78.5  -147.7
  10 G     ---    124.9    92.3    97.5  -111.7   -73.3   153.3
  11 A     ---    172.9    54.5   155.9    ---     ---    -75.2
  12 A     ---     ---     39.8   124.7    ---     ---    -93.7
  13 G    -42.4   159.8    42.4   133.0    ---     ---    -81.0
  14 C     ---   -156.9   177.0   124.2  -169.1   -90.1   -96.3
****************************************************************************
Sugar conformational parameters: 

Note: v0: C4'-O4'-C1'-C2'
      v1: O4'-C1'-C2'-C3'
      v2: C1'-C2'-C3'-C4'
      v3: C2'-C3'-C4'-O4'
      v4: C3'-C4'-O4'-C1'

      tm: amplitude of pseudorotation of the sugar ring
      P:  phase angle of pseudorotation of the sugar ring

Strand I
 base       v0      v1      v2      v3      v4      tm       P    Puckering
   1 C    -23.5    27.1   -20.6     7.5    10.1    26.9   140.1    C1'-exo 
   2 G    -31.9    40.2   -32.8    15.5    10.0    39.3   146.6    C2'-endo
   3 A    -32.1    17.5     1.8   -20.1    33.1    33.5    86.9    O4'-endo
   4 A      0.9    -1.2     1.0    -0.5    -0.2     1.1   330.0    C2'-exo 
   5 G      3.8   -24.0    34.0   -32.6    18.1    34.8    12.3    C3'-endo
   6 C    -12.0     9.5    -3.8    -3.1     9.5    11.7   108.8    C1'-exo 
   7 T    -23.0    28.5   -23.3    10.5     7.8    28.2   145.8    C2'-endo
   8 A     -7.6    13.1   -13.3     9.0    -1.0    13.7   165.4    C2'-endo
   9 G    -36.3    32.4   -16.8    -3.8    24.8    35.8   118.0    C1'-exo 
  10 C    -23.2    31.4   -27.4    14.2     5.7    31.2   151.4    C2'-endo
  11 T     -2.2   -12.6    21.5   -23.3    16.2    23.4    23.7    C3'-endo
  12 A     -6.7    22.0   -28.0    24.7   -11.4    28.2   185.0    C3'-exo 
  13 C    -27.6    34.3   -27.9    12.6     9.2    33.7   145.7    C2'-endo
  14 A    -37.2    43.6   -32.9    12.4    15.1    42.6   140.4    C1'-exo 

Strand II
 base       v0      v1      v2      v3      v4      tm       P    Puckering
   1 A    -46.1    32.6    -7.6   -19.1    40.7    45.6    99.6    O4'-endo
   2 C    -31.3    41.4   -35.0    17.5     8.4    40.7   149.5    C2'-endo
   3 A    -10.9    25.3   -29.6    23.9    -8.2    29.6   177.5    C2'-endo
   4 T     -6.8   -15.1    29.6   -34.2    26.1    34.1    29.7    C3'-endo
   5 C     -8.8   -15.9    32.8   -39.1    30.1    38.5    31.6    C3'-endo
   6 G    -43.4    47.2   -32.1     8.5    20.9    46.4   133.8    C1'-exo 
   7 A     -8.0    23.5   -29.2    25.2   -10.9    29.2   182.9    C3'-exo 
   8 T    -17.6    28.0   -27.2    17.5    -0.1    28.7   161.5    C2'-endo
   9 C    -25.9    16.0    -1.2   -13.7    25.1    26.2    92.7    O4'-endo
  10 G     -1.0   -17.6    28.2   -29.4    19.1    30.0    20.2    C3'-endo
  11 A    -15.4    33.6   -38.3    30.4    -9.5    38.4   175.5    C2'-endo
  12 A     23.7   -15.7     2.4    11.1   -21.9    23.6   275.9    O4'-exo 
  13 G    -38.6    44.5   -32.5    11.7    16.3    43.2   138.7    C1'-exo 
  14 C    -27.6    31.4   -23.6     8.2    12.1    31.3   139.1    C1'-exo 
****************************************************************************
Same strand P--P and C1'--C1' virtual bond distances

                 Strand I                    Strand II
    base      P--P     C1'--C1'       base      P--P     C1'--C1'
   1 C/G       7.2       4.3         1 A/C       7.1       4.2
   2 G/A       ---       5.1         2 C/A       6.2       4.4
   3 A/A       ---       7.9         3 A/T       6.3       6.6
   4 A/G       8.6       3.7         4 T/C       6.1       5.5
   5 G/C       5.7       6.0         5 C/G       6.4       5.3
   6 C/T       6.4       5.0         6 G/A       6.7       4.2
   7 T/A       6.6       5.0         7 A/T       6.9       4.9
   8 A/G       6.8       4.3         8 T/C       6.8       5.3
   9 G/C       6.7       5.1         9 C/G       6.5       6.0
  10 C/T       6.9       5.6        10 G/A       9.8       3.4
  11 T/A       5.4       6.3        11 A/A       ---       6.7
  12 A/C       6.7       4.2        12 A/G       ---       4.6
  13 C/A       6.8       4.6        13 G/C       7.5       4.5
****************************************************************************
Helix radius (radial displacement of P, O4', and C1' atoms in local helix
   frame of each dimer)

                        Strand I                      Strand II
     step         P        O4'       C1'        P        O4'        C1'
   1 CG/CA      10.4       6.6       6.4       6.0       3.8       3.0
   2 GA/AC      ----       3.5       2.9       2.9       2.3       2.3
   3 AA/TA       5.6       4.8       4.0       2.8       3.3       3.1
   4 AG/CT       5.3       6.7       6.2      12.6      10.6       9.8
   5 GC/GC       9.3       7.9       7.1       8.7       7.3       6.4
   6 CT/AG      11.4       8.2       7.7       7.7       4.4       3.8
   7 TA/TA       9.1       5.8       5.4       8.7       5.5       5.2
   8 AG/CT       7.9       4.5       3.9      11.3       8.3       7.8
   9 GC/GC       9.2       7.2       6.5       9.7       7.3       6.5
  10 CT/AG      11.1       8.3       7.7       6.9       5.1       4.6
  11 TA/AA       8.4       5.7       5.2       8.7       5.6       5.4
  12 AC/GA       9.0       5.7       5.3      ----       6.7       6.3
  13 CA/CG       5.7       3.1       2.6      10.6       6.8       6.4
****************************************************************************
Position (Px, Py, Pz) and local helical axis vector (Hx, Hy, Hz)
         for each dinucleotide step

      bp        Px        Py        Pz        Hx        Hy        Hz
   1 CG/CA     10.47     29.68     -3.80     -0.02     -0.59     -0.81
   2 GA/AC      8.69     26.86     -5.26      1.00     -0.03      0.04
   3 AA/TA      7.43     25.14     -7.97     -0.88      0.42     -0.20
   4 AG/CT      2.17     25.29    -11.46      0.08     -0.34     -0.94
   5 GC/GC      2.97     22.08    -12.53     -0.33     -0.31     -0.89
   6 CT/AG      1.40     18.72    -13.64     -0.58     -0.38     -0.72
   7 TA/TA      1.68     15.88    -16.39     -0.52     -0.51     -0.68
   8 AG/CT      2.49     13.50    -19.51     -0.61     -0.64     -0.46
   9 GC/GC      0.63     13.03    -22.83     -0.47     -0.75     -0.46
  10 CT/AG     -1.47     11.94    -25.90     -0.41     -0.68     -0.61
  11 TA/AA     -5.36      9.31    -25.92     -0.78      0.51     -0.37
  12 AC/GA     -7.42      6.59    -27.11     -0.50      0.54     -0.68
  13 CA/CG     -9.88      5.41    -29.59     -0.36     -0.78     -0.51
