****************************************************************************
    3DNA v2.1 (2013), created and maintained by Xiang-Jun Lu (PhD)
****************************************************************************
1. The list of the parameters given below correspond to the 5' to 3' direction
   of strand I and 3' to 5' direction of strand II.

2. All angular parameters, except for the phase angle of sugar pseudo-
   rotation, are measured in degrees in the range of [-180, +180], and all
   displacements are measured in Angstrom units.
****************************************************************************
File name: pde0128.pdb
Date and time: Tue Jul  9 14:22:19 2013

Number of base-pairs: 19
Number of atoms: 1287
****************************************************************************
HEADER    PROTEIN/DNA                             07-JUL-97   1TC3      
TITLE     TRANSPOSASE TC3A1-65 FROM CAENORHABDITIS ELEGANS            
COMPND    MOL_ID: 1;                                                  
COMPND   2 MOLECULE: TC3 TRANSPOSASE;                                 
COMPND   3 CHAIN: C;                                                  
COMPND   4 FRAGMENT: SPECIFIC DNA BINDING DOMAIN, RESIDUES 2 - 52;    
COMPND   5 ENGINEERED: YES;                                           
COMPND   6 MUTATION: C-TERMINAL 6-HIS TAG;                            
COMPND   7 MOL_ID: 2;                                                 
COMPND   8 MOLECULE: DNA                                              
COMPND   9 (5'-D(*AP*GP*GP*GP*GP*GP*GP*GP*TP*CP*CP*TP*AP*TP*AP*GP*A   
COMPND  10 P*AP*CP*TP*T)-3');                                         
COMPND  11 CHAIN: A;                                                  
COMPND  12 ENGINEERED: YES;                                           
COMPND  13 MOL_ID: 3;                                                 
COMPND  14 MOLECULE: DNA                                              
COMPND  15 (5'-D(*AP*GP*TP*TP*CP*TP*AP*TP*AP*GP*GP*AP*CP*CP*CP*CP*C   
COMPND  16 P*CP*CP*T)-3');                                            
COMPND  17 CHAIN: B;                                                  
COMPND  18 ENGINEERED: YES                                            
SOURCE    MOL_ID: 1;                                                  
SOURCE   2 ORGANISM_SCIENTIFIC: CAENORHABDITIS ELEGANS;               
SOURCE   3 STRAIN: BERGERAC;                                          
SOURCE   4 VARIANT: TR679;                                            
SOURCE   5 ORGANELLE: NUCLEUS;                                        
SOURCE   6 GENE: TC3A;                                                
SOURCE   7 EXPRESSION_SYSTEM: ESCHERICHIA COLI;                       
SOURCE   8 EXPRESSION_SYSTEM_STRAIN: BL21 (DE3) PLYSS;                
SOURCE   9 EXPRESSION_SYSTEM_CELLULAR_LOCATION: CYTOPLASM;            
SOURCE  10 EXPRESSION_SYSTEM_VECTOR_TYPE: PET3C;                      
SOURCE  11 EXPRESSION_SYSTEM_PLASMID: PRP1200;                        
SOURCE  12 EXPRESSION_SYSTEM_GENE: TC3A N1-65;                        
SOURCE  13 MOL_ID: 2;                                                 
SOURCE  14 SYNTHETIC: YES;                                            
SOURCE  15 MOL_ID: 3;                                                 
SOURCE  16 SYNTHETIC: YES                                             
KEYWDS    TRANSPOSASE, DNA BINDING, HELIX-TURN-HELIX, TC1/MARINER     
KEYWDS   2 FAMILY, COMPLEX (TRANSPOSASE/DNA), PROTEIN/DNA             
EXPDTA    X-RAY DIFFRACTION                                           
AUTHOR    G.VAN POUDEROYEN,R.F.KETTING,A.PERRAKIS,R.H.A.PLASTERK,     
AUTHOR   2 T.K.SIXMA                                                  
REVDAT   1   12-NOV-97         0                                      
JRNL        AUTH   G.VAN POUDEROYEN,R.F.KETTING,A.PERRAKIS,           
JRNL        AUTH 2 R.H.A.PLASTERK,T.K.SIXMA                           
JRNL        TITL   CRYSTAL STRUCTURE OF THE SPECIFIC DNA-BINDING      
JRNL        TITL 2 DOMAIN OF TC3 TRANSPOSASE OF C. ELEGANS IN COMPLEX 
JRNL        TITL 3 WITH TRANSPOSON DNA                                
JRNL        REF    EMBO J.                       V.  16  6044 1997      
JRNL        REFN   ASTM EMJODG  UK ISSN 0261-4189                 0897
HELIX    1   1 ASP C  209  LEU C  220  1                              
HELIX    2   2 LEU C  225  ILE C  232  1                              
HELIX    3   3 ARG C  236  LYS C  244  1                              
****************************************************************************
RMSD of the bases (----- for WC bp, + for isolated bp, x for helix change)

            Strand I                    Strand II          Helix
   1   (0.025) ....>A:...2_:[..G]G-----C[..C]:.119_:B<.... (0.016)     |
   2   (0.028) ....>A:...3_:[..G]G-----C[..C]:.118_:B<.... (0.019)     |
   3   (0.022) ....>A:...4_:[..G]G-----C[..C]:.117_:B<.... (0.014)     |
   4   (0.017) ....>A:...5_:[..G]G-----C[..C]:.116_:B<.... (0.017)     |
   5   (0.027) ....>A:...6_:[..G]G-----C[..C]:.115_:B<.... (0.020)     |
   6   (0.020) ....>A:...7_:[..G]G-----C[..C]:.114_:B<.... (0.014)     |
   7   (0.034) ....>A:...8_:[..G]G-----C[..C]:.113_:B<.... (0.019)     |
   8   (0.019) ....>A:...9_:[..T]T-----A[..A]:.112_:B<.... (0.020)     |
   9   (0.009) ....>A:..10_:[..C]C-----G[..G]:.111_:B<.... (0.017)     |
  10   (0.010) ....>A:..11_:[..C]C-----G[..G]:.110_:B<.... (0.034)     |
  11   (0.023) ....>A:..12_:[..T]T-----A[..A]:.109_:B<.... (0.016)     |
  12   (0.023) ....>A:..13_:[..A]A-----T[..T]:.108_:B<.... (0.021)     |
  13   (0.018) ....>A:..14_:[..T]T-----A[..A]:.107_:B<.... (0.024)     |
  14   (0.026) ....>A:..15_:[..A]A-----T[..T]:.106_:B<.... (0.018)     |
  15   (0.017) ....>A:..16_:[..G]G-----C[..C]:.105_:B<.... (0.025)     |
  16   (0.033) ....>A:..17_:[..A]A-----T[..T]:.104_:B<.... (0.019)     |
  17   (0.031) ....>A:..18_:[..A]A-----T[..T]:.103_:B<.... (0.017)     |
  18   (0.012) ....>A:..19_:[..C]C-----G[..G]:.102_:B<.... (0.026)     |
  19   (0.021) ....>A:..20_:[..T]T-----A[..A]:.101_:B<.... (0.023)     |
****************************************************************************
Detailed H-bond information: atom-name pair and length [ O N]
   1 G-----C  [3]  O6 - N4  2.53  N1 - N3  2.85  N2 - O2  3.00
   2 G-----C  [3]  O6 - N4  2.61  N1 - N3  2.80  N2 - O2  2.77
   3 G-----C  [3]  O6 - N4  2.86  N1 - N3  2.80  N2 - O2  2.62
   4 G-----C  [3]  O6 - N4  2.72  N1 - N3  2.64  N2 - O2  2.40
   5 G-----C  [3]  O6 - N4  2.89  N1 - N3  2.76  N2 - O2  2.59
   6 G-----C  [3]  O6 - N4  2.64  N1 - N3  2.84  N2 - O2  2.87
   7 G-----C  [3]  O6 - N4  2.57  N1 - N3  2.67  N2 - O2  2.83
   8 T-----A  [2]  N3 - N1  2.51  O4 - N6  2.90
   9 C-----G  [3]  O2 - N2  2.38  N3 - N1  2.64  N4 - O6  2.83
  10 C-----G  [3]  O2 - N2  2.66  N3 - N1  2.74  N4 - O6  2.78
  11 T-----A  [2]  N3 - N1  2.74  O4 - N6  2.77
  12 A-----T  [2]  N6 - O4  2.67  N1 - N3  2.61
  13 T-----A  [2]  N3 - N1  2.60  O4 - N6  2.60
  14 A-----T  [2]  N6 - O4  3.52  N1 - N3  2.86
  15 G-----C  [3]  O6 - N4  3.43  N1 - N3  2.94  N2 - O2  2.60
  16 A-----T  [2]  N6 - O4  3.13  N1 - N3  2.91
  17 A-----T  [2]  N6 - O4  2.91  N1 - N3  2.63
  18 C-----G  [3]  O2 - N2  2.47  N3 - N1  2.56  N4 - O6  2.57
  19 T-----A  [2]  N3 - N1  2.65  O4 - N6  2.66
****************************************************************************
Overlap area in Angstrom^2 between polygons defined by atoms on successive
bases. Polygons projected in the mean plane of the designed base-pair step.

Values in parentheses measure the overlap of base ring atoms only. Those
outside parentheses include exocyclic atoms on the ring. Intra- and
inter-strand overlap is designated according to the following diagram:

                    i2  3'      5' j2
                       /|\      |
                        |       |
               Strand I |       | II
                        |       |
                        |       |
                        |      \|/
                    i1  5'      3' j1

     step      i1-i2        i1-j2        j1-i2        j1-j2        sum
   1 GG/CC  4.01( 2.20)  0.00( 0.00)  0.03( 0.00)  0.81( 0.00)  4.85( 2.20)
   2 GG/CC  3.97( 2.70)  0.00( 0.00)  0.19( 0.00)  0.00( 0.00)  4.16( 2.70)
   3 GG/CC  3.18( 1.65)  0.00( 0.00)  1.16( 0.00)  0.00( 0.00)  4.34( 1.65)
   4 GG/CC  3.36( 1.96)  0.00( 0.00)  0.56( 0.00)  0.00( 0.00)  3.93( 1.96)
   5 GG/CC  4.26( 2.90)  0.00( 0.00)  0.43( 0.00)  0.00( 0.00)  4.69( 2.90)
   6 GG/CC  3.30( 1.83)  0.00( 0.00)  0.61( 0.00)  0.00( 0.00)  3.91( 1.83)
   7 GT/AC  6.08( 1.72)  0.00( 0.00)  0.00( 0.00)  4.79( 3.35) 10.87( 5.06)
   8 TC/GA  5.10( 0.61)  0.00( 0.00)  0.00( 0.00)  4.69( 1.63)  9.78( 2.25)
   9 CC/GG  1.18( 0.00)  0.00( 0.00)  0.00( 0.00)  8.23( 5.73)  9.41( 5.73)
  10 CT/AG  7.29( 1.31)  0.00( 0.00)  0.00( 0.00)  2.86( 1.70) 10.14( 3.01)
  11 TA/TA  2.56( 0.00)  0.00( 0.00)  0.00( 0.00)  1.53( 0.00)  4.08( 0.00)
  12 AT/AT  5.73( 1.71)  0.00( 0.00)  0.00( 0.00)  6.31( 2.41) 12.05( 4.12)
  13 TA/TA  1.76( 0.00)  0.00( 0.00)  0.00( 0.00)  2.27( 0.00)  4.03( 0.00)
  14 AG/CT  6.78( 4.02)  0.00( 0.00)  0.00( 0.00)  4.40( 0.27) 11.18( 4.29)
  15 GA/TC  3.83( 0.87)  0.00( 0.00)  0.00( 0.00)  4.69( 0.53)  8.52( 1.40)
  16 AA/TT  4.06( 2.70)  0.00( 0.00)  0.00( 0.00)  5.91( 0.32)  9.97( 3.02)
  17 AC/GT  5.32( 4.25)  0.00( 0.00)  0.00( 0.00)  7.39( 2.57) 12.70( 6.81)
  18 CT/AG  4.16( 0.08)  0.00( 0.00)  0.18( 0.00)  3.04( 2.60)  7.39( 2.68)
****************************************************************************
Origin (Ox, Oy, Oz) and mean normal vector (Nx, Ny, Nz) of each base-pair in
   the coordinate system of the given structure

      bp        Ox        Oy        Oz        Nx        Ny        Nz
    1 G-C     -0.323   155.894    29.448     0.618    -0.761    -0.200
    2 G-C      2.939   154.004    28.785     0.703    -0.695    -0.152
    3 G-C      5.942   152.642    29.627     0.618    -0.786    -0.012
    4 G-C      8.657   150.818    31.658     0.549    -0.833     0.074
    5 G-C     10.236   148.161    33.935     0.417    -0.897     0.150
    6 G-C     10.189   144.789    35.966     0.304    -0.937     0.173
    7 G-C      9.093   141.173    37.406     0.144    -0.987     0.069
    8 T-A      9.147   137.994    37.547     0.153    -0.988    -0.034
    9 C-G     10.372   134.666    37.582     0.115    -0.990    -0.080
   10 C-G      9.488   130.732    38.762     0.141    -0.989     0.044
   11 T-A     10.517   127.685    38.516     0.259    -0.965    -0.032
   12 A-T     10.126   124.455    40.113     0.153    -0.988     0.009
   13 T-A     10.832   121.092    39.678     0.176    -0.983    -0.053
   14 A-T      9.502   117.548    38.317     0.194    -0.966    -0.169
   15 G-C      8.976   114.420    36.816    -0.053    -0.995    -0.081
   16 A-T      9.546   111.474    36.253    -0.051    -0.984    -0.168
   17 A-T      9.558   108.558    35.709     0.042    -0.970    -0.238
   18 C-G      8.478   104.794    34.553    -0.045    -0.968    -0.246
   19 T-A      7.309   101.478    33.182    -0.034    -0.943    -0.332
****************************************************************************
Local base-pair parameters
     bp        Shear    Stretch   Stagger    Buckle  Propeller  Opening
    1 G-C      -0.18     -0.27      0.58      8.57     -9.77     -8.26
    2 G-C       0.16     -0.26      0.13     -5.72    -10.04     -3.52
    3 G-C      -0.10     -0.25      0.42     -1.54     -7.63     -0.67
    4 G-C       0.02     -0.33      0.08     -3.56     -6.03      1.74
    5 G-C      -0.21     -0.24     -0.13     -3.78     -0.69      3.13
    6 G-C       0.04     -0.22     -0.35     -8.83    -11.08     -3.03
    7 G-C      -0.32     -0.40     -0.38    -16.06    -17.27     -3.53
    8 T-A       0.43     -0.40     -0.05    -11.97    -14.80     12.03
    9 C-G       0.52     -0.43     -0.34    -10.52      4.23      3.87
   10 C-G       0.27     -0.33      0.52    -15.53     -4.19     -2.52
   11 T-A      -0.18     -0.23     -0.13     -9.98     -5.91     -1.56
   12 A-T      -0.57     -0.49      0.47      0.67     -7.27     -0.77
   13 T-A      -0.34     -0.35      0.33     -3.99    -14.34     -5.83
   14 A-T      -0.69     -0.02     -0.04     -2.98     -0.45     12.91
   15 G-C      -0.51     -0.07     -0.61      3.47     -9.27     12.05
   16 A-T      -0.66     -0.15     -0.12     12.32    -13.66      3.93
   17 A-T      -0.41     -0.38      0.73     21.10    -23.76     -1.56
   18 C-G       0.40     -0.55      0.33     -5.21    -10.24     -3.28
   19 T-A       0.56     -0.49      0.46    -21.17     -8.34     -4.72
          ~~~~~~~~~~~~~~~~~~~~~~~~~~~~~~~~~~~~~~~~~~~~~~~~~~~~~~~~~~~~
      ave.     -0.09     -0.31      0.10     -3.93     -8.97      0.55
      s.d.      0.40      0.14      0.38     10.22      6.42      6.13
****************************************************************************
Local base-pair step parameters
    step       Shift     Slide      Rise      Tilt      Roll     Twist
   1 GG/CC      0.19     -1.13      3.65      5.58      3.88     39.73
   2 GG/CC      0.43     -1.67      2.94     -3.14     10.32     29.99
   3 GG/CC      0.17     -2.24      3.13      1.31      6.72     31.31
   4 GG/CC      0.08     -1.92      3.33      3.67      8.74     27.62
   5 GG/CC      0.50     -1.91      3.41      4.23      5.60     31.56
   6 GG/CC      0.18     -2.14      3.43      4.68     10.29     27.30
   7 GT/AC     -0.07     -0.42      3.15     -0.69      5.91     35.56
   8 TC/GA      0.25      0.76      3.46      3.31      0.88     37.83
   9 CC/GG     -1.73      0.69      3.77     -7.18     -1.10     31.39
  10 CT/AG      0.35     -0.32      3.19      5.36      6.16     26.98
  11 TA/TA      0.41      1.89      3.06     -6.05     -2.74     45.60
  12 AT/AT     -0.34     -0.18      3.44      1.73     -3.42     31.69
  13 TA/TA      0.29      2.18      3.37     -2.75     -6.21     49.54
  14 AG/CT      0.33      1.29      3.25     -0.15     15.17     23.41
  15 GA/TC     -0.68      0.30      2.96     -4.96      0.68     35.87
  16 AA/TT     -0.06     -0.03      2.97     -6.65     -0.95     34.68
  17 AC/GT      0.37     -1.03      3.93      4.89      1.28     38.27
  18 CT/AG     -0.19     -1.07      3.61      1.91      4.78     37.16
          ~~~~~~~~~~~~~~~~~~~~~~~~~~~~~~~~~~~~~~~~~~~~~~~~~~~~~~~~~~~~
      ave.      0.03     -0.38      3.34      0.28      3.67     34.19
      s.d.      0.53      1.37      0.28      4.40      5.57      6.62
****************************************************************************
Local base-pair helical parameters
    step       X-disp    Y-disp   h-Rise     Incl.       Tip   h-Twist
   1 GG/CC     -2.13      0.43      3.53      5.66     -8.14     40.28
   2 GG/CC     -4.56     -1.25      2.20     19.17      5.83     31.83
   3 GG/CC     -5.13     -0.10      2.61     12.26     -2.38     32.03
   4 GG/CC     -5.58      0.59      2.60     17.66     -7.41     29.17
   5 GG/CC     -4.42     -0.14      3.07     10.15     -7.65     32.31
   6 GG/CC     -6.26      0.59      2.47     20.70     -9.43     29.51
   7 GT/AC     -1.48      0.03      3.05      9.60      1.12     36.04
   8 TC/GA      1.05      0.06      3.48      1.35     -5.09     37.98
   9 CC/GG      1.48      1.57      4.03     -2.00     13.05     32.20
  10 CT/AG     -2.07      0.50      3.05     12.84    -11.16     28.17
  11 TA/TA      2.64     -1.00      2.88     -3.51      7.75     46.05
  12 AT/AT      0.32      0.95      3.42     -6.23     -3.15     31.91
  13 TA/TA      3.03     -0.54      3.07     -7.37      3.26     49.97
  14 AG/CT     -1.36     -0.72      3.43     33.28      0.33     27.84
  15 GA/TC      0.40      0.46      3.03      1.09      8.01     36.20
  16 AA/TT      0.09     -0.80      2.93     -1.57     11.03     35.30
  17 AC/GT     -1.75      0.16      3.92      1.95     -7.42     38.59
  18 CT/AG     -2.34      0.56      3.44      7.45     -2.98     37.50
          ~~~~~~~~~~~~~~~~~~~~~~~~~~~~~~~~~~~~~~~~~~~~~~~~~~~~~~~~~~~~
      ave.     -1.56      0.07      3.12      7.36     -0.80     35.16
      s.d.      2.81      0.73      0.48     10.73      7.47      5.99
****************************************************************************
Structure classification: 

This is a right-handed nucleic acid structure
****************************************************************************
lambda: virtual angle between C1'-YN1 or C1'-RN9 glycosidic bonds and the
        base-pair C1'-C1' line

C1'-C1': distance between C1' atoms for each base-pair
RN9-YN1: distance between RN9-YN1 atoms for each base-pair
RC8-YC6: distance between RC8-YC6 atoms for each base-pair

    bp     lambda(I) lambda(II)  C1'-C1'   RN9-YN1   RC8-YC6
   1 G-C      51.0      58.7      10.7       9.0       9.8
   2 G-C      58.2      48.2      10.6       8.9       9.7
   3 G-C      62.1      54.4      10.3       8.8       9.8
   4 G-C      51.7      52.9      10.5       8.7       9.7
   5 G-C      51.6      55.9      10.4       8.7       9.8
   6 G-C      54.2      60.3      10.5       8.9       9.8
   7 G-C      62.5      57.0      10.2       8.7       9.5
   8 T-A      57.3      53.0       9.9       8.3       9.5
   9 C-G      52.6      54.7      10.3       8.6       9.6
  10 C-G      49.3      52.7      10.6       8.8       9.6
  11 T-A      56.0      57.1      10.4       8.8       9.7
  12 A-T      54.9      59.9      10.1       8.6       9.5
  13 T-A      55.0      50.7      10.5       8.8       9.7
  14 A-T      49.2      62.3      10.4       8.7       9.9
  15 G-C      59.0      60.5      10.2       8.8       9.9
  16 A-T      53.9      62.2      10.3       8.8       9.8
  17 A-T      45.7      51.3      10.5       8.5       9.5
  18 C-G      57.3      57.8      10.2       8.7       9.5
  19 T-A      46.6      45.9      10.4       8.5       9.3
****************************************************************************
Classification of each dinucleotide step in a right-handed nucleic acid
structure: A-like; B-like; TA-like; intermediate of A and B, or other cases

    step       Xp      Yp      Zp     XpH     YpH     ZpH    Form
   1 GG/CC   -2.03    8.22    1.96   -4.14    8.00    2.77     A
   2 GG/CC   -2.00    8.35    2.44   -6.36    7.15    4.91     A
   3 GG/CC   -1.96    8.21    2.78   -6.89    7.47    4.41     A
   4 GG/CC   -1.61    8.45    2.50   -6.98    7.34    4.87     A
   5 GG/CC   -1.44    8.13    2.57   -5.65    7.57    3.94     A
   6 GG/CC   -2.30    8.54    1.72   -8.31    7.41    4.67     A
   7 GT/AC   -3.10    8.76    0.52   -4.51    8.57    1.89
   8 TC/GA   -3.37    8.71   -0.37   -2.26    8.72   -0.19     B
   9 CC/GG   -2.98    8.85   -0.08   -1.58    8.84   -0.56     B
  10 CT/AG   -3.21    8.87   -0.51   -4.98    8.79    1.29     B
  11 TA/TA   -2.15    8.08   -0.04    0.28    8.06   -0.45     B
  12 AT/AT   -3.22    8.85   -0.34   -2.89    8.76   -1.29     B
  13 TA/TA   -2.31    8.32   -0.37    0.44    8.22   -1.32     B
  14 AG/CT   -3.69    8.49   -0.96   -5.02    7.68    3.76     B
  15 GA/TC   -3.87    8.83   -1.10   -3.34    8.85   -0.88     B
  16 AA/TT   -3.52    8.81    0.03   -3.19    8.81   -0.12     B
  17 AC/GT   -3.62    9.14    0.44   -5.27    9.12    0.70     B
  18 CT/AG   -2.81    9.09    0.83   -5.00    8.91    1.98
****************************************************************************
Minor and major groove widths: direct P-P distances and refined P-P distances
   which take into account the directions of the sugar-phosphate backbones

   (Subtract 5.8 Angstrom from the values to take account of the vdw radii
    of the phosphate groups, and for comparison with FreeHelix and Curves.)

Ref: M. A. El Hassan and C. R. Calladine (1998). ``Two Distinct Modes of
     Protein-induced Bending in DNA.'' J. Mol. Biol., v282, pp331-343.

                  Minor Groove        Major Groove
                 P-P     Refined     P-P     Refined
   1 GG/CC       ---       ---       ---       ---
   2 GG/CC       ---       ---       ---       ---
   3 GG/CC      16.3       ---      17.1       ---
   4 GG/CC      17.0      16.0      20.4      18.6
   5 GG/CC      16.0      15.3      20.8      18.5
   6 GG/CC      14.7      13.8      18.6      18.0
   7 GT/AC      13.9      13.2      17.9      17.9
   8 TC/GA      12.8      12.5      16.4      16.2
   9 CC/GG      13.0      13.0      15.9      15.9
  10 CT/AG      13.1      13.1      17.3      17.2
  11 TA/TA      11.6      11.6      15.8      15.5
  12 AT/AT      10.5      10.5      17.6      16.9
  13 TA/TA      11.8      11.8      17.2      16.6
  14 AG/CT      14.0      14.0      16.8      16.7
  15 GA/TC      13.7      13.6      16.1      15.7
  16 AA/TT      12.2       ---      19.2       ---
  17 AC/GT       ---       ---       ---       ---
  18 CT/AG       ---       ---       ---       ---
****************************************************************************
Global linear helical axis defined by equivalent C1' and RN9/YN1 atom pairs
Deviation from regular linear helix: 2.85(0.76)
****************************************************************************
Main chain and chi torsion angles: 

Note: alpha:   O3'(i-1)-P-O5'-C5'
      beta:    P-O5'-C5'-C4'
      gamma:   O5'-C5'-C4'-C3'
      delta:   C5'-C4'-C3'-O3'
      epsilon: C4'-C3'-O3'-P(i+1)
      zeta:    C3'-O3'-P(i+1)-O5'(i+1)

      chi for pyrimidines(Y): O4'-C1'-N1-C2
          chi for purines(R): O4'-C1'-N9-C4

Strand I
  base    alpha    beta   gamma   delta  epsilon   zeta    chi
   1 G   -145.1  -170.2    73.1    82.0  -152.8   -70.0  -172.9
   2 G    -79.5  -178.4    49.9    90.6  -149.4   -67.0  -162.6
   3 G    -78.2   169.8    57.7    73.5  -163.3   -64.3  -172.9
   4 G    -92.9  -177.5    71.5    76.5  -140.6   -93.3  -176.2
   5 G    -59.6   158.4    55.7    67.7  -155.6   -61.5  -168.2
   6 G    -71.0   161.4    62.0    73.1  -156.0   -88.8  -177.2
   7 G    123.5  -165.1  -137.7   125.7  -147.4   -82.7  -164.8
   8 T   -176.7  -142.6   149.5   101.5  -148.3   -61.2  -153.5
   9 C    -58.8  -174.1    21.1   159.4  -110.7   171.2   -79.4
  10 C    -92.0   143.7    68.4   154.1  -156.8  -107.9  -122.7
  11 T    -35.9  -174.3    -6.0   169.1  -117.1   167.1   -69.6
  12 A    -93.0   148.2    66.1   161.4  -120.5  -151.0  -109.0
  13 T    -33.2   120.8    38.5   116.9  -123.5  -172.6  -123.3
  14 A    -57.0   149.4    48.3   158.9  -164.6   -84.7   -94.1
  15 G    -82.2  -176.7    40.0   154.1   -96.9   159.0   -69.5
  16 A    -75.0   135.8    50.2   121.8  -147.3  -154.9  -112.8
  17 A      6.5    98.0    45.3    80.0   177.5   -81.0  -136.9
  18 C    105.5  -173.8  -165.4    81.5    83.6    54.5  -153.6
  19 T   -142.8   170.5    85.0    80.9  -175.2    -9.8  -167.3

Strand II
  base    alpha    beta   gamma   delta  epsilon   zeta    chi
   1 C    -72.4  -176.5    67.2   128.1   -93.5  -170.8  -129.0
   2 C    -43.5   172.3    43.4   148.7  -173.4  -112.6  -122.5
   3 C    142.3  -163.6  -168.5    97.5  -136.0   -81.8  -170.0
   4 C    -60.4   174.5    48.5    83.2  -179.6   -85.3  -166.2
   5 C    -43.3   172.4    34.5    79.4  -151.6   -66.2  -155.8
   6 C    107.3  -161.6  -159.1    89.0  -141.1   -88.0  -165.4
   7 C    161.3  -116.0   148.8    88.1  -155.2  -103.4  -151.3
   8 A    -78.6   126.0    59.1    86.8   175.4   -81.2  -135.3
   9 G    -69.2   179.3    44.6   141.5  -109.5  -178.9   -92.7
  10 G    -99.0  -157.7    76.8   111.6  -174.7   -74.4  -108.6
  11 A    -64.6   168.0    47.6   139.1   153.4   -72.2   -88.7
  12 T    -82.1  -174.6    63.1   146.1  -132.6  -163.4  -112.7
  13 A    -70.6   130.0    55.8   140.4   175.2   -94.7   -97.2
  14 T    -82.3  -167.0    69.2   156.5  -102.6   171.9   -88.1
  15 C    -92.1   153.6    77.9    78.5  -170.8   -83.1  -129.7
  16 T     38.9    90.6    38.3   104.6  -156.8   -86.5  -119.6
  17 T    154.2  -128.5   165.8    80.1  -145.5  -126.3  -179.1
  18 G     98.2  -172.9  -121.4   136.6   176.7  -104.8  -131.4
  19 A     ---     ---   -157.3    94.7  -173.6  -100.2  -137.4
****************************************************************************
Sugar conformational parameters: 

Note: v0: C4'-O4'-C1'-C2'
      v1: O4'-C1'-C2'-C3'
      v2: C1'-C2'-C3'-C4'
      v3: C2'-C3'-C4'-O4'
      v4: C3'-C4'-O4'-C1'

      tm: the amplitude of pucker
      P:  the phase angle of pseudorotation

Strand I
 base       v0      v1      v2      v3      v4      tm       P    Puckering
   1 G      1.7   -26.8    40.6   -40.2    24.6    42.3    16.2    C3'-endo
   2 G     11.7   -33.7    42.2   -36.2    15.7    42.2     2.8    C3'-endo
   3 G     -5.5   -25.6    45.2   -50.0    35.1    49.9    25.1    C3'-endo
   4 G    -22.3   -11.0    38.7   -52.3    46.7    52.7    42.8    C4'-exo 
   5 G     -5.4   -28.9    50.6   -55.1    38.0    55.4    24.1    C3'-endo
   6 G     -4.0   -27.0    47.5   -51.1    34.3    51.6    23.1    C3'-endo
   7 G     39.7   -32.4    14.6     7.4   -28.7    38.0   292.5    C1'-endo
   8 T    -21.3     7.8     7.4   -19.8    25.5    25.3    73.1    O4'-endo
   9 C    -22.0    44.1   -47.8    36.3    -9.4    48.3   172.1    C2'-endo
  10 C    -32.4    50.5   -49.1    31.8     0.3    51.9   161.2    C2'-endo
  11 T    -18.0    43.1   -48.9    41.5   -15.1    48.9   178.3    C2'-endo
  12 A    -15.5    35.7   -41.9    34.2   -11.8    41.9   177.7    C2'-endo
  13 T    -51.6    50.3   -29.7     0.8    31.5    52.3   124.6    C1'-exo 
  14 A     -7.3    30.1   -40.2    36.9   -19.3    40.6   188.6    C3'-exo 
  15 G    -23.0    41.8   -42.1    30.7    -5.1    43.2   167.4    C2'-endo
  16 A    -36.4    38.4   -26.2     6.3    18.6    38.6   132.8    C1'-exo 
  17 A    -55.8    34.1    -0.4   -32.8    55.7    58.0    90.3    O4'-endo
  18 C     -6.0   -19.6    36.1   -40.6    29.0    40.4    26.8    C3'-endo
  19 T    -41.2    10.7    21.0   -45.1    52.9    53.0    66.6    C4'-exo 

Strand II
 base       v0      v1      v2      v3      v4      tm       P    Puckering
   1 C    -21.4    29.0   -26.2    14.7     4.0    29.2   153.8    C2'-endo
   2 C    -35.3    47.2   -41.3    22.0     8.1    46.9   151.6    C2'-endo
   3 C      8.7   -24.7    30.5   -26.9    11.4    30.5     3.0    C3'-endo
   4 C    -18.5    -9.5    31.4   -43.1    39.0    43.1    43.3    C4'-exo 
   5 C     -1.5   -21.6    36.9   -38.7    24.3    39.4    20.7    C3'-endo
   6 C      4.2   -27.5    39.4   -38.2    21.3    40.4    12.9    C3'-endo
   7 C    -44.0    21.3     6.9   -32.2    47.4    47.6    81.7    O4'-endo
   8 A    -18.2    -4.7    24.3   -35.3    33.2    36.0    47.6    C4'-exo 
   9 G    -39.6    49.4   -40.7    19.0    12.6    48.7   146.6    C2'-endo
  10 G    -33.8    28.7   -14.6    -4.5    23.9    32.9   116.3    C1'-exo 
  11 A     13.5     4.9   -19.9    28.4   -27.3    28.9   226.4    C4'-endo
  12 T    -39.1    48.1   -38.2    17.2    13.5    46.9   144.6    C2'-endo
  13 A    -27.6    39.7   -37.0    22.0     3.3    40.2   156.9    C2'-endo
  14 T    -10.5    30.5   -37.5    33.0   -14.4    37.5   183.2    C3'-exo 
  15 C    -29.8     3.6    22.2   -40.0    44.0    44.2    59.8    C4'-exo 
  16 T    -37.5    34.3   -18.7    -2.4    25.0    37.3   120.2    C1'-exo 
  17 T    -28.6     1.7    24.4   -41.8    43.4    44.7    57.0    C4'-exo 
  18 G     -3.0    15.4   -21.2    20.1   -11.0    21.6   190.9    C3'-exo 
  19 A    -44.0    27.3    -1.9   -23.3    41.5    44.3    92.5    O4'-endo
****************************************************************************
Same strand P--P and C1'--C1' virtual bond distances

                 Strand I                          Strand II
    step      P--P     C1'--C1'       step      P--P     C1'--C1'
   1 G/G      5.75      5.60         1 C/C      6.57      5.29
   2 G/G      5.74      5.27         2 C/C      6.26      5.64
   3 G/G      5.76      5.41         3 C/C      6.29      5.50
   4 G/G      5.42      5.70         4 C/C      5.40      5.35
   5 G/G      5.90      5.10         5 C/C      6.59      5.65
   6 G/G      5.80      5.74         6 C/C      6.67      5.36
   7 G/T      6.65      5.32         7 C/A      6.69      4.62
   8 T/C      6.92      5.16         8 A/G      6.10      4.82
   9 C/C      6.45      5.38         9 G/G      6.67      4.39
  10 C/T      7.23      4.95        10 G/A      6.96      4.69
  11 T/A      6.18      4.95        11 A/T      6.55      5.89
  12 A/T      7.07      4.31        12 T/A      6.98      4.51
  13 T/A      6.35      5.66        13 A/T      6.67      5.11
  14 A/G      7.07      4.44        14 T/C      6.61      5.58
  15 G/A      6.63      4.92        15 C/T      6.27      4.73
  16 A/A      6.75      4.42        16 T/T      6.62      5.19
  17 A/C      6.52      4.92        17 T/G      7.10      4.46
  18 C/T      6.66      4.90        18 G/A       ---      5.03
****************************************************************************
Helix radius (radial displacement of P, O4', and C1' atoms in local helix
   frame of each dimer)

                        Strand I                      Strand II
     step         P        O4'       C1'        P        O4'        C1'
   1 GG/CC      8.95      8.13      7.24      9.07      7.21      6.49
   2 GG/CC      8.02      8.27      7.82     11.14     10.09      9.40
   3 GG/CC      9.93      9.56      9.12     10.40      9.64      9.15
   4 GG/CC     10.73     10.41      9.98      9.52      9.41      9.04
   5 GG/CC      9.43      9.07      8.57      9.47      9.22      8.56
   6 GG/CC     10.88     10.89     10.38     11.40      9.79      9.37
   7 GT/AC      9.41      7.43      6.55      9.97      7.31      6.49
   8 TC/GA      9.30      5.99      5.35      8.72      6.08      5.28
   9 CC/GG     10.30      7.35      6.92      7.78      4.31      3.79
  10 CT/AG     10.85      7.72      7.26      9.37      6.94      6.13
  11 TA/TA      7.17      4.27      4.08      8.98      6.58      6.15
  12 AT/AT     10.32      6.92      6.40      8.14      4.97      4.58
  13 TA/TA      7.44      5.01      4.61      9.02      5.96      5.78
  14 AG/CT      9.50      6.80      5.99      8.99      7.58      6.56
  15 GA/TC      9.97      6.79      6.21      8.97      5.68      5.06
  16 AA/TT      8.96      5.98      5.13      9.82      7.02      6.19
  17 AC/GT     11.00      7.53      6.76     10.06      7.25      6.43
  18 CT/AG     10.48      7.95      7.18     10.05      7.22      6.57
****************************************************************************
Position (Px, Py, Pz) and local helical axis vector (Hx, Hy, Hz)
         for each dinucleotide step

     step       Px        Py        Pz        Hx        Hy        Hz
   1 GG/CC      1.94    155.38     31.00      0.62     -0.78     -0.03
   2 GG/CC      2.47    151.13     32.67      0.43     -0.85     -0.30
   3 GG/CC      3.81    149.58     33.38      0.45     -0.88     -0.11
   4 GG/CC      4.52    147.45     33.83      0.35     -0.92     -0.17
   5 GG/CC      6.63    145.33     32.97      0.33     -0.94     -0.05
   6 GG/CC      5.82    142.28     32.01      0.41     -0.89     -0.20
   7 GT/AC      9.07    139.52     36.07      0.30     -0.95      0.03
   8 TC/GA      9.17    136.12     38.33      0.20     -0.97     -0.11
   9 CC/GG      8.08    132.84     37.25     -0.09     -1.00      0.03
  10 CT/AG     11.95    129.88     38.43      0.34     -0.91      0.25
  11 TA/TA      7.96    125.84     38.27      0.16     -0.98     -0.14
  12 AT/AT     11.32    123.00     39.49      0.27     -0.96      0.02
  13 TA/TA     11.22    119.89     36.48      0.31     -0.95     -0.09
  14 AG/CT      7.77    116.25     37.52     -0.12     -0.78     -0.61
  15 GA/TC      9.57    112.91     37.03      0.08     -0.99     -0.12
  16 AA/TT     10.14    110.11     35.51      0.11     -0.99     -0.06
  17 AC/GT      8.61    107.25     33.63      0.01     -0.93     -0.36
  18 CT/AG      8.50    103.79     31.77      0.09     -0.96     -0.27
